0 info it worked if it ends with ok
1 verbose cli [ '/usr/local/bin/node', '/usr/local/bin/npm', 'install' ]
2 info using npm@2.14.7
3 info using node@v4.2.1
4 verbose readDependencies loading dependencies from /Users/danny/Projects/goodwill/package.json
5 warn package.json localhost@0.1.0 No description
6 warn package.json localhost@0.1.0 No repository field.
7 warn package.json localhost@0.1.0 No license field.
8 verbose install where, deps [ '/Users/danny/Projects/goodwill',
8 verbose install   [ 'grunt',
8 verbose install     'grunt-contrib-copy',
8 verbose install     'grunt-contrib-concat',
8 verbose install     'grunt-contrib-uglify',
8 verbose install     'grunt-contrib-jshint',
8 verbose install     'grunt-contrib-cssmin',
8 verbose install     'grunt-contrib-clean',
8 verbose install     'grunt-contrib-htmlmin',
8 verbose install     'grunt-contrib-imagemin',
8 verbose install     'grunt-contrib-watch',
8 verbose install     'grunt-rev',
8 verbose install     'grunt-usemin',
8 verbose install     'grunt-open',
8 verbose install     'grunt-svgmin',
8 verbose install     'grunt-concurrent',
8 verbose install     'matchdep',
8 verbose install     'grunt-php',
8 verbose install     'grunt-lint-inline',
8 verbose install     'grunt-phplint',
8 verbose install     'grunt-processhtml' ] ]
9 verbose install where, peers [ '/Users/danny/Projects/goodwill', [] ]
10 verbose installManyTop reading for lifecycle /Users/danny/Projects/goodwill/package.json
11 info preinstall localhost@0.1.0
12 verbose installManyTop reading scoped package data from /Users/danny/Projects/goodwill/node_modules/abbrev/package.json
13 verbose installManyTop reading scoped package data from /Users/danny/Projects/goodwill/node_modules/amdefine/package.json
14 verbose installManyTop reading scoped package data from /Users/danny/Projects/goodwill/node_modules/argparse/package.json
15 verbose installManyTop reading scoped package data from /Users/danny/Projects/goodwill/node_modules/async/package.json
16 verbose installManyTop reading scoped package data from /Users/danny/Projects/goodwill/node_modules/aws-sign/package.json
17 verbose installManyTop reading scoped package data from /Users/danny/Projects/goodwill/node_modules/block-stream/package.json
18 verbose installManyTop reading scoped package data from /Users/danny/Projects/goodwill/node_modules/boom/package.json
19 verbose installManyTop reading scoped package data from /Users/danny/Projects/goodwill/node_modules/cache-swap/package.json
20 verbose installManyTop reading scoped package data from /Users/danny/Projects/goodwill/node_modules/camelcase/package.json
21 verbose installManyTop reading scoped package data from /Users/danny/Projects/goodwill/node_modules/clean-css/package.json
22 verbose installManyTop reading scoped package data from /Users/danny/Projects/goodwill/node_modules/cli/package.json
23 verbose installManyTop reading scoped package data from /Users/danny/Projects/goodwill/node_modules/coa/package.json
24 verbose installManyTop reading scoped package data from /Users/danny/Projects/goodwill/node_modules/coffee-script/package.json
25 verbose installManyTop reading scoped package data from /Users/danny/Projects/goodwill/node_modules/colors/package.json
26 verbose installManyTop reading scoped package data from /Users/danny/Projects/goodwill/node_modules/combined-stream/package.json
27 verbose installManyTop reading scoped package data from /Users/danny/Projects/goodwill/node_modules/commander/package.json
28 verbose installManyTop reading scoped package data from /Users/danny/Projects/goodwill/node_modules/console-browserify/package.json
29 verbose installManyTop reading scoped package data from /Users/danny/Projects/goodwill/node_modules/cookie-jar/package.json
30 verbose installManyTop reading scoped package data from /Users/danny/Projects/goodwill/node_modules/cryptiles/package.json
31 verbose installManyTop reading scoped package data from /Users/danny/Projects/goodwill/node_modules/dateformat/package.json
32 verbose installManyTop reading scoped package data from /Users/danny/Projects/goodwill/node_modules/debug/package.json
33 verbose installManyTop reading scoped package data from /Users/danny/Projects/goodwill/node_modules/decamelize/package.json
34 verbose installManyTop reading scoped package data from /Users/danny/Projects/goodwill/node_modules/delayed-stream/package.json
35 verbose installManyTop reading scoped package data from /Users/danny/Projects/goodwill/node_modules/diff/package.json
36 verbose installManyTop reading scoped package data from /Users/danny/Projects/goodwill/node_modules/escape-string-regexp/package.json
37 verbose installManyTop reading scoped package data from /Users/danny/Projects/goodwill/node_modules/esprima/package.json
38 verbose installManyTop reading scoped package data from /Users/danny/Projects/goodwill/node_modules/eventemitter2/package.json
39 verbose installManyTop reading scoped package data from /Users/danny/Projects/goodwill/node_modules/exit/package.json
40 verbose installManyTop reading scoped package data from /Users/danny/Projects/goodwill/node_modules/faye-websocket/package.json
41 verbose installManyTop reading scoped package data from /Users/danny/Projects/goodwill/node_modules/fileset/package.json
42 verbose installManyTop reading scoped package data from /Users/danny/Projects/goodwill/node_modules/filesize/package.json
43 verbose installManyTop reading scoped package data from /Users/danny/Projects/goodwill/node_modules/findup-sync/package.json
44 verbose installManyTop reading scoped package data from /Users/danny/Projects/goodwill/node_modules/forever-agent/package.json
45 verbose installManyTop reading scoped package data from /Users/danny/Projects/goodwill/node_modules/form-data/package.json
46 verbose installManyTop reading scoped package data from /Users/danny/Projects/goodwill/node_modules/fs-boot/package.json
47 verbose installManyTop reading scoped package data from /Users/danny/Projects/goodwill/node_modules/fstream/package.json
48 verbose installManyTop reading scoped package data from /Users/danny/Projects/goodwill/node_modules/gaze/package.json
49 verbose installManyTop reading scoped package data from /Users/danny/Projects/goodwill/node_modules/getobject/package.json
50 verbose installManyTop reading scoped package data from /Users/danny/Projects/goodwill/node_modules/glob/package.json
51 verbose installManyTop reading scoped package data from /Users/danny/Projects/goodwill/node_modules/graceful-fs/package.json
52 verbose installManyTop reading scoped package data from /Users/danny/Projects/goodwill/node_modules/growl/package.json
53 verbose installManyTop reading scoped package data from /Users/danny/Projects/goodwill/node_modules/grunt/package.json
54 verbose installManyTop reading scoped package data from /Users/danny/Projects/goodwill/node_modules/grunt-concurrent/package.json
55 verbose installManyTop reading scoped package data from /Users/danny/Projects/goodwill/node_modules/grunt-contrib-clean/package.json
56 verbose installManyTop reading scoped package data from /Users/danny/Projects/goodwill/node_modules/grunt-contrib-concat/package.json
57 verbose installManyTop reading scoped package data from /Users/danny/Projects/goodwill/node_modules/grunt-contrib-copy/package.json
58 verbose installManyTop reading scoped package data from /Users/danny/Projects/goodwill/node_modules/grunt-contrib-cssmin/package.json
59 verbose installManyTop reading scoped package data from /Users/danny/Projects/goodwill/node_modules/grunt-contrib-htmlmin/package.json
60 verbose installManyTop reading scoped package data from /Users/danny/Projects/goodwill/node_modules/grunt-contrib-imagemin/package.json
61 verbose installManyTop reading scoped package data from /Users/danny/Projects/goodwill/node_modules/grunt-contrib-jshint/package.json
62 verbose installManyTop reading scoped package data from /Users/danny/Projects/goodwill/node_modules/grunt-contrib-uglify/package.json
63 verbose installManyTop reading scoped package data from /Users/danny/Projects/goodwill/node_modules/grunt-contrib-watch/package.json
64 verbose installManyTop reading scoped package data from /Users/danny/Projects/goodwill/node_modules/grunt-legacy-log/package.json
65 verbose installManyTop reading scoped package data from /Users/danny/Projects/goodwill/node_modules/grunt-legacy-log-utils/package.json
66 verbose installManyTop reading scoped package data from /Users/danny/Projects/goodwill/node_modules/grunt-legacy-util/package.json
67 verbose installManyTop reading scoped package data from /Users/danny/Projects/goodwill/node_modules/grunt-lib-contrib/package.json
68 verbose installManyTop reading scoped package data from /Users/danny/Projects/goodwill/node_modules/grunt-lint-inline/package.json
69 verbose installManyTop reading scoped package data from /Users/danny/Projects/goodwill/node_modules/grunt-open/package.json
70 verbose installManyTop reading scoped package data from /Users/danny/Projects/goodwill/node_modules/grunt-php/package.json
71 verbose installManyTop reading scoped package data from /Users/danny/Projects/goodwill/node_modules/grunt-phplint/package.json
72 verbose installManyTop reading scoped package data from /Users/danny/Projects/goodwill/node_modules/grunt-processhtml/package.json
73 verbose installManyTop reading scoped package data from /Users/danny/Projects/goodwill/node_modules/grunt-rev/package.json
74 verbose installManyTop reading scoped package data from /Users/danny/Projects/goodwill/node_modules/grunt-svgmin/package.json
75 verbose installManyTop reading scoped package data from /Users/danny/Projects/goodwill/node_modules/grunt-usemin/package.json
76 verbose installManyTop reading scoped package data from /Users/danny/Projects/goodwill/node_modules/hawk/package.json
77 verbose installManyTop reading scoped package data from /Users/danny/Projects/goodwill/node_modules/hoek/package.json
78 verbose installManyTop reading scoped package data from /Users/danny/Projects/goodwill/node_modules/hooker/package.json
79 verbose installManyTop reading scoped package data from /Users/danny/Projects/goodwill/node_modules/html-minifier/package.json
80 verbose installManyTop reading scoped package data from /Users/danny/Projects/goodwill/node_modules/iconv-lite/package.json
81 verbose installManyTop reading scoped package data from /Users/danny/Projects/goodwill/node_modules/inherit/package.json
82 verbose installManyTop reading scoped package data from /Users/danny/Projects/goodwill/node_modules/inherits/package.json
83 verbose installManyTop reading scoped package data from /Users/danny/Projects/goodwill/node_modules/is/package.json
84 verbose installManyTop reading scoped package data from /Users/danny/Projects/goodwill/node_modules/jade/package.json
85 verbose installManyTop reading scoped package data from /Users/danny/Projects/goodwill/node_modules/jpegtran-bin/package.json
86 verbose installManyTop reading scoped package data from /Users/danny/Projects/goodwill/node_modules/js-yaml/package.json
87 verbose installManyTop reading scoped package data from /Users/danny/Projects/goodwill/node_modules/jshint/package.json
88 verbose installManyTop reading scoped package data from /Users/danny/Projects/goodwill/node_modules/json-stringify-safe/package.json
89 verbose installManyTop reading scoped package data from /Users/danny/Projects/goodwill/node_modules/lodash/package.json
90 verbose installManyTop reading scoped package data from /Users/danny/Projects/goodwill/node_modules/lpad/package.json
91 verbose installManyTop reading scoped package data from /Users/danny/Projects/goodwill/node_modules/lru-cache/package.json
92 verbose installManyTop reading scoped package data from /Users/danny/Projects/goodwill/node_modules/matchdep/package.json
93 verbose installManyTop reading scoped package data from /Users/danny/Projects/goodwill/node_modules/mime/package.json
94 verbose installManyTop reading scoped package data from /Users/danny/Projects/goodwill/node_modules/minimatch/package.json
95 verbose installManyTop reading scoped package data from /Users/danny/Projects/goodwill/node_modules/minimist/package.json
96 verbose installManyTop reading scoped package data from /Users/danny/Projects/goodwill/node_modules/mkdirp/package.json
97 verbose installManyTop reading scoped package data from /Users/danny/Projects/goodwill/node_modules/mocha/package.json
98 verbose installManyTop reading scoped package data from /Users/danny/Projects/goodwill/node_modules/ms/package.json
99 verbose installManyTop reading scoped package data from /Users/danny/Projects/goodwill/node_modules/node-uuid/package.json
100 verbose installManyTop reading scoped package data from /Users/danny/Projects/goodwill/node_modules/node.extend/package.json
101 verbose installManyTop reading scoped package data from /Users/danny/Projects/goodwill/node_modules/nopt/package.json
102 verbose installManyTop reading scoped package data from /Users/danny/Projects/goodwill/node_modules/noptify/package.json
103 verbose installManyTop reading scoped package data from /Users/danny/Projects/goodwill/node_modules/oauth-sign/package.json
104 verbose installManyTop reading scoped package data from /Users/danny/Projects/goodwill/node_modules/open/package.json
105 verbose installManyTop reading scoped package data from /Users/danny/Projects/goodwill/node_modules/optipng-bin/package.json
106 verbose installManyTop reading scoped package data from /Users/danny/Projects/goodwill/node_modules/package/package.json
107 verbose installManyTop reading scoped package data from /Users/danny/Projects/goodwill/node_modules/peakle/package.json
108 verbose installManyTop reading scoped package data from /Users/danny/Projects/goodwill/node_modules/q/package.json
109 verbose installManyTop reading scoped package data from /Users/danny/Projects/goodwill/node_modules/q-fs/package.json
110 verbose installManyTop reading scoped package data from /Users/danny/Projects/goodwill/node_modules/q-io/package.json
111 verbose installManyTop reading scoped package data from /Users/danny/Projects/goodwill/node_modules/qs/package.json
112 verbose installManyTop reading scoped package data from /Users/danny/Projects/goodwill/node_modules/request/package.json
113 verbose installManyTop reading scoped package data from /Users/danny/Projects/goodwill/node_modules/rimraf/package.json
114 verbose installManyTop reading scoped package data from /Users/danny/Projects/goodwill/node_modules/sax/package.json
115 verbose installManyTop reading scoped package data from /Users/danny/Projects/goodwill/node_modules/shelljs/package.json
116 verbose installManyTop reading scoped package data from /Users/danny/Projects/goodwill/node_modules/sigmund/package.json
117 verbose installManyTop reading scoped package data from /Users/danny/Projects/goodwill/node_modules/sntp/package.json
118 verbose installManyTop reading scoped package data from /Users/danny/Projects/goodwill/node_modules/source-map/package.json
119 verbose installManyTop reading scoped package data from /Users/danny/Projects/goodwill/node_modules/svgo/package.json
120 verbose installManyTop reading scoped package data from /Users/danny/Projects/goodwill/node_modules/tar/package.json
121 verbose installManyTop reading scoped package data from /Users/danny/Projects/goodwill/node_modules/temporary/package.json
122 verbose installManyTop reading scoped package data from /Users/danny/Projects/goodwill/node_modules/tiny-lr/package.json
123 verbose installManyTop reading scoped package data from /Users/danny/Projects/goodwill/node_modules/tunnel-agent/package.json
124 verbose installManyTop reading scoped package data from /Users/danny/Projects/goodwill/node_modules/uglify-js/package.json
125 verbose installManyTop reading scoped package data from /Users/danny/Projects/goodwill/node_modules/uglify-to-browserify/package.json
126 verbose installManyTop reading scoped package data from /Users/danny/Projects/goodwill/node_modules/underscore/package.json
127 verbose installManyTop reading scoped package data from /Users/danny/Projects/goodwill/node_modules/underscore.string/package.json
128 verbose installManyTop reading scoped package data from /Users/danny/Projects/goodwill/node_modules/which/package.json
129 verbose installManyTop reading scoped package data from /Users/danny/Projects/goodwill/node_modules/window-size/package.json
130 verbose installManyTop reading scoped package data from /Users/danny/Projects/goodwill/node_modules/wordwrap/package.json
131 verbose installManyTop reading scoped package data from /Users/danny/Projects/goodwill/node_modules/yargs/package.json
132 verbose installManyTop reading scoped package data from /Users/danny/Projects/goodwill/node_modules/zlib-browserify/package.json
133 info package.json async@0.1.22 No license field.
134 info package.json aws-sign@0.2.0 No license field.
135 info package.json boom@0.3.8 No license field.
136 info package.json cli@0.4.5 No license field.
137 info package.json coa@0.3.9 No license field.
138 info package.json coffee-script@1.3.3 No license field.
139 info package.json combined-stream@0.0.7 No license field.
140 info package.json colors@0.6.2 No license field.
141 info package.json commander@2.0.0 No license field.
142 info package.json console-browserify@0.1.6 No license field.
143 info package.json cookie-jar@0.2.0 No license field.
144 info package.json cryptiles@0.1.3 No license field.
145 info package.json dateformat@1.0.2-1.2.3 No repository field.
146 info package.json dateformat@1.0.2-1.2.3 No license field.
147 info package.json delayed-stream@0.0.5 No license field.
148 info package.json diff@1.0.2 No license field.
149 info package.json esprima@1.0.4 No license field.
150 info package.json exit@0.1.2 No license field.
151 info package.json faye-websocket@0.4.4 'repositories' (plural) Not supported. Please pick one as the 'repository' field
152 info package.json faye-websocket@0.4.4 No license field.
153 info package.json fileset@0.1.8 No license field.
154 info package.json filesize@1.7.9 No license field.
155 info package.json findup-sync@0.1.3 No license field.
156 info package.json forever-agent@0.2.0 No license field.
157 info package.json form-data@0.0.10 No license field.
158 info package.json fs-boot@0.0.9 No license field.
159 info package.json fs-boot@0.0.9 devDependences should probably be devDependencies.
160 info package.json fstream@0.1.31 license should be a valid SPDX license expression
161 info package.json gaze@0.3.4 No license field.
162 info package.json getobject@0.1.0 No license field.
163 info package.json glob@3.1.21 license should be a valid SPDX license expression
164 info package.json graceful-fs@1.2.3 license should be a valid SPDX license expression
165 info package.json growl@1.7.0 No repository field.
166 info package.json growl@1.7.0 No license field.
167 info package.json grunt@0.4.5 No license field.
168 info package.json grunt-concurrent@0.1.1 No license field.
169 info package.json grunt-contrib-clean@0.4.1 No license field.
170 info package.json grunt-contrib-concat@0.1.3 No license field.
171 info package.json grunt-contrib-copy@0.4.1 No license field.
172 info package.json grunt-contrib-cssmin@0.6.2 No license field.
173 info package.json grunt-contrib-htmlmin@0.1.3 No license field.
174 info package.json grunt-contrib-imagemin@0.1.4 No license field.
175 info package.json grunt-contrib-jshint@0.4.3 No license field.
176 info package.json grunt-contrib-uglify@0.2.7 No license field.
177 info package.json grunt-contrib-watch@0.4.4 No license field.
178 info package.json grunt-legacy-log-utils@0.1.1 No license field.
179 info package.json grunt-legacy-util@0.2.0 No license field.
180 info package.json grunt-lib-contrib@0.6.1 No license field.
181 info package.json grunt-lint-inline@0.2.0 No license field.
182 info package.json grunt-open@0.2.3 No license field.
183 info package.json grunt-php@0.1.1 No license field.
184 info package.json grunt-processhtml@0.2.9 No license field.
185 info package.json grunt-rev@0.1.0 No license field.
186 info package.json grunt-svgmin@0.1.0 No license field.
187 info package.json grunt-usemin@2.0.2 license should be a valid SPDX license expression
188 info package.json hawk@0.10.2 No license field.
189 info package.json hoek@0.7.6 No license field.
190 info package.json hooker@0.2.3 No license field.
191 info package.json html-minifier@0.5.6 license should be a valid SPDX license expression
192 info package.json inherit@2.2.2 No license field.
193 info package.json jade@0.26.3 No license field.
194 info package.json jpegtran-bin@0.1.7 No license field.
195 info package.json js-yaml@2.0.5 license should be a valid SPDX license expression
196 info package.json jshint@1.1.0 No repository field.
197 info package.json jshint@1.1.0 No license field.
198 info package.json json-stringify-safe@3.0.0 license should be a valid SPDX license expression
199 info package.json lpad@0.1.0 No license field.
200 info package.json matchdep@0.1.2 No license field.
201 info package.json mime@1.2.11 No license field.
202 info package.json minimatch@0.2.14 license should be a valid SPDX license expression
203 info package.json mkdirp@0.3.3 license should be a valid SPDX license expression
204 info package.json mocha@1.9.0 No license field.
205 info package.json ms@0.3.0 No repository field.
206 info package.json ms@0.3.0 No license field.
207 info package.json node-uuid@1.4.7 No license field.
208 info package.json nopt@1.0.10 license should be a valid SPDX license expression
209 info package.json noptify@0.0.3 No license field.
210 info package.json oauth-sign@0.2.0 No license field.
211 info package.json optipng-bin@0.2.6 No license field.
212 info package.json package@1.0.1 No license field.
213 info package.json peakle@0.0.1 No description
214 info package.json peakle@0.0.1 No repository field.
215 info package.json peakle@0.0.1 No license field.
216 info package.json q@0.8.12 No license field.
217 info package.json q-fs@0.1.36 No license field.
218 info package.json q-io@0.0.18 No license field.
219 info package.json qs@0.5.6 No license field.
220 info package.json request@2.16.6 No license field.
221 info package.json rimraf@2.2.8 license should be a valid SPDX license expression
222 info package.json sax@0.5.8 license should be a valid SPDX license expression
223 info package.json shelljs@0.1.4 No license field.
224 info package.json sntp@0.1.4 No license field.
225 info package.json source-map@0.1.34 No license field.
226 info package.json svgo@0.2.4 No license field.
227 info package.json tar@0.1.20 license should be a valid SPDX license expression
228 info package.json temporary@0.0.5 No license field.
229 info package.json tiny-lr@0.0.4 No license field.
230 info package.json tunnel-agent@0.2.0 No license field.
231 info package.json uglify-js@2.4.24 license should be a valid SPDX license expression
232 info package.json underscore@1.7.0 No license field.
233 info package.json underscore.string@2.2.1 No license field.
234 info package.json window-size@0.1.0 No license field.
235 info package.json wordwrap@0.0.2 license should be a valid SPDX license expression
236 info package.json yargs@3.5.4 license should be a valid SPDX license expression
237 verbose readDependencies loading dependencies from /Users/danny/Projects/goodwill/package.json
238 verbose targetResolver reading package data from /Users/danny/Projects/goodwill/node_modules/abbrev/package.json
239 verbose targetResolver reading package data from /Users/danny/Projects/goodwill/node_modules/amdefine/package.json
240 verbose targetResolver reading package data from /Users/danny/Projects/goodwill/node_modules/argparse/package.json
241 verbose targetResolver reading package data from /Users/danny/Projects/goodwill/node_modules/async/package.json
242 verbose targetResolver reading package data from /Users/danny/Projects/goodwill/node_modules/aws-sign/package.json
243 verbose targetResolver reading package data from /Users/danny/Projects/goodwill/node_modules/block-stream/package.json
244 verbose targetResolver reading package data from /Users/danny/Projects/goodwill/node_modules/boom/package.json
245 verbose targetResolver reading package data from /Users/danny/Projects/goodwill/node_modules/cache-swap/package.json
246 verbose targetResolver reading package data from /Users/danny/Projects/goodwill/node_modules/camelcase/package.json
247 verbose targetResolver reading package data from /Users/danny/Projects/goodwill/node_modules/clean-css/package.json
248 verbose targetResolver reading package data from /Users/danny/Projects/goodwill/node_modules/cli/package.json
249 verbose targetResolver reading package data from /Users/danny/Projects/goodwill/node_modules/coa/package.json
250 verbose targetResolver reading package data from /Users/danny/Projects/goodwill/node_modules/coffee-script/package.json
251 verbose targetResolver reading package data from /Users/danny/Projects/goodwill/node_modules/colors/package.json
252 verbose targetResolver reading package data from /Users/danny/Projects/goodwill/node_modules/combined-stream/package.json
253 verbose targetResolver reading package data from /Users/danny/Projects/goodwill/node_modules/commander/package.json
254 verbose targetResolver reading package data from /Users/danny/Projects/goodwill/node_modules/console-browserify/package.json
255 verbose targetResolver reading package data from /Users/danny/Projects/goodwill/node_modules/cookie-jar/package.json
256 verbose targetResolver reading package data from /Users/danny/Projects/goodwill/node_modules/cryptiles/package.json
257 verbose targetResolver reading package data from /Users/danny/Projects/goodwill/node_modules/dateformat/package.json
258 verbose targetResolver reading package data from /Users/danny/Projects/goodwill/node_modules/debug/package.json
259 verbose targetResolver reading package data from /Users/danny/Projects/goodwill/node_modules/decamelize/package.json
260 verbose targetResolver reading package data from /Users/danny/Projects/goodwill/node_modules/delayed-stream/package.json
261 verbose targetResolver reading package data from /Users/danny/Projects/goodwill/node_modules/diff/package.json
262 verbose targetResolver reading package data from /Users/danny/Projects/goodwill/node_modules/escape-string-regexp/package.json
263 verbose targetResolver reading package data from /Users/danny/Projects/goodwill/node_modules/esprima/package.json
264 verbose targetResolver reading package data from /Users/danny/Projects/goodwill/node_modules/eventemitter2/package.json
265 verbose targetResolver reading package data from /Users/danny/Projects/goodwill/node_modules/exit/package.json
266 verbose targetResolver reading package data from /Users/danny/Projects/goodwill/node_modules/faye-websocket/package.json
267 verbose targetResolver reading package data from /Users/danny/Projects/goodwill/node_modules/fileset/package.json
268 verbose targetResolver reading package data from /Users/danny/Projects/goodwill/node_modules/filesize/package.json
269 verbose targetResolver reading package data from /Users/danny/Projects/goodwill/node_modules/findup-sync/package.json
270 verbose targetResolver reading package data from /Users/danny/Projects/goodwill/node_modules/forever-agent/package.json
271 verbose targetResolver reading package data from /Users/danny/Projects/goodwill/node_modules/form-data/package.json
272 verbose targetResolver reading package data from /Users/danny/Projects/goodwill/node_modules/fs-boot/package.json
273 verbose targetResolver reading package data from /Users/danny/Projects/goodwill/node_modules/fstream/package.json
274 verbose targetResolver reading package data from /Users/danny/Projects/goodwill/node_modules/gaze/package.json
275 verbose targetResolver reading package data from /Users/danny/Projects/goodwill/node_modules/getobject/package.json
276 verbose targetResolver reading package data from /Users/danny/Projects/goodwill/node_modules/glob/package.json
277 verbose targetResolver reading package data from /Users/danny/Projects/goodwill/node_modules/graceful-fs/package.json
278 verbose targetResolver reading package data from /Users/danny/Projects/goodwill/node_modules/growl/package.json
279 verbose targetResolver reading package data from /Users/danny/Projects/goodwill/node_modules/grunt/package.json
280 verbose targetResolver reading package data from /Users/danny/Projects/goodwill/node_modules/grunt-concurrent/package.json
281 verbose targetResolver reading package data from /Users/danny/Projects/goodwill/node_modules/grunt-contrib-clean/package.json
282 verbose targetResolver reading package data from /Users/danny/Projects/goodwill/node_modules/grunt-contrib-concat/package.json
283 verbose targetResolver reading package data from /Users/danny/Projects/goodwill/node_modules/grunt-contrib-copy/package.json
284 verbose targetResolver reading package data from /Users/danny/Projects/goodwill/node_modules/grunt-contrib-cssmin/package.json
285 verbose targetResolver reading package data from /Users/danny/Projects/goodwill/node_modules/grunt-contrib-htmlmin/package.json
286 verbose targetResolver reading package data from /Users/danny/Projects/goodwill/node_modules/grunt-contrib-imagemin/package.json
287 verbose targetResolver reading package data from /Users/danny/Projects/goodwill/node_modules/grunt-contrib-jshint/package.json
288 verbose targetResolver reading package data from /Users/danny/Projects/goodwill/node_modules/grunt-contrib-uglify/package.json
289 verbose targetResolver reading package data from /Users/danny/Projects/goodwill/node_modules/grunt-contrib-watch/package.json
290 verbose targetResolver reading package data from /Users/danny/Projects/goodwill/node_modules/grunt-legacy-log/package.json
291 verbose targetResolver reading package data from /Users/danny/Projects/goodwill/node_modules/grunt-legacy-log-utils/package.json
292 verbose targetResolver reading package data from /Users/danny/Projects/goodwill/node_modules/grunt-legacy-util/package.json
293 verbose targetResolver reading package data from /Users/danny/Projects/goodwill/node_modules/grunt-lib-contrib/package.json
294 verbose targetResolver reading package data from /Users/danny/Projects/goodwill/node_modules/grunt-lint-inline/package.json
295 verbose targetResolver reading package data from /Users/danny/Projects/goodwill/node_modules/grunt-open/package.json
296 verbose targetResolver reading package data from /Users/danny/Projects/goodwill/node_modules/grunt-php/package.json
297 verbose targetResolver reading package data from /Users/danny/Projects/goodwill/node_modules/grunt-phplint/package.json
298 verbose targetResolver reading package data from /Users/danny/Projects/goodwill/node_modules/grunt-processhtml/package.json
299 verbose targetResolver reading package data from /Users/danny/Projects/goodwill/node_modules/grunt-rev/package.json
300 verbose targetResolver reading package data from /Users/danny/Projects/goodwill/node_modules/grunt-svgmin/package.json
301 verbose targetResolver reading package data from /Users/danny/Projects/goodwill/node_modules/grunt-usemin/package.json
302 verbose targetResolver reading package data from /Users/danny/Projects/goodwill/node_modules/hawk/package.json
303 verbose targetResolver reading package data from /Users/danny/Projects/goodwill/node_modules/hoek/package.json
304 verbose targetResolver reading package data from /Users/danny/Projects/goodwill/node_modules/hooker/package.json
305 verbose targetResolver reading package data from /Users/danny/Projects/goodwill/node_modules/html-minifier/package.json
306 verbose targetResolver reading package data from /Users/danny/Projects/goodwill/node_modules/iconv-lite/package.json
307 verbose targetResolver reading package data from /Users/danny/Projects/goodwill/node_modules/inherit/package.json
308 verbose targetResolver reading package data from /Users/danny/Projects/goodwill/node_modules/inherits/package.json
309 verbose targetResolver reading package data from /Users/danny/Projects/goodwill/node_modules/is/package.json
310 verbose targetResolver reading package data from /Users/danny/Projects/goodwill/node_modules/jade/package.json
311 verbose targetResolver reading package data from /Users/danny/Projects/goodwill/node_modules/jpegtran-bin/package.json
312 verbose targetResolver reading package data from /Users/danny/Projects/goodwill/node_modules/js-yaml/package.json
313 verbose targetResolver reading package data from /Users/danny/Projects/goodwill/node_modules/jshint/package.json
314 verbose targetResolver reading package data from /Users/danny/Projects/goodwill/node_modules/json-stringify-safe/package.json
315 verbose targetResolver reading package data from /Users/danny/Projects/goodwill/node_modules/lodash/package.json
316 verbose targetResolver reading package data from /Users/danny/Projects/goodwill/node_modules/lpad/package.json
317 verbose targetResolver reading package data from /Users/danny/Projects/goodwill/node_modules/lru-cache/package.json
318 verbose targetResolver reading package data from /Users/danny/Projects/goodwill/node_modules/matchdep/package.json
319 verbose targetResolver reading package data from /Users/danny/Projects/goodwill/node_modules/mime/package.json
320 verbose targetResolver reading package data from /Users/danny/Projects/goodwill/node_modules/minimatch/package.json
321 verbose targetResolver reading package data from /Users/danny/Projects/goodwill/node_modules/minimist/package.json
322 verbose targetResolver reading package data from /Users/danny/Projects/goodwill/node_modules/mkdirp/package.json
323 verbose targetResolver reading package data from /Users/danny/Projects/goodwill/node_modules/mocha/package.json
324 verbose targetResolver reading package data from /Users/danny/Projects/goodwill/node_modules/ms/package.json
325 verbose targetResolver reading package data from /Users/danny/Projects/goodwill/node_modules/node-uuid/package.json
326 verbose targetResolver reading package data from /Users/danny/Projects/goodwill/node_modules/node.extend/package.json
327 verbose targetResolver reading package data from /Users/danny/Projects/goodwill/node_modules/nopt/package.json
328 verbose targetResolver reading package data from /Users/danny/Projects/goodwill/node_modules/noptify/package.json
329 verbose targetResolver reading package data from /Users/danny/Projects/goodwill/node_modules/oauth-sign/package.json
330 verbose targetResolver reading package data from /Users/danny/Projects/goodwill/node_modules/open/package.json
331 verbose targetResolver reading package data from /Users/danny/Projects/goodwill/node_modules/optipng-bin/package.json
332 verbose targetResolver reading package data from /Users/danny/Projects/goodwill/node_modules/package/package.json
333 verbose targetResolver reading package data from /Users/danny/Projects/goodwill/node_modules/peakle/package.json
334 verbose targetResolver reading package data from /Users/danny/Projects/goodwill/node_modules/q/package.json
335 verbose targetResolver reading package data from /Users/danny/Projects/goodwill/node_modules/q-fs/package.json
336 verbose targetResolver reading package data from /Users/danny/Projects/goodwill/node_modules/q-io/package.json
337 verbose targetResolver reading package data from /Users/danny/Projects/goodwill/node_modules/qs/package.json
338 verbose targetResolver reading package data from /Users/danny/Projects/goodwill/node_modules/request/package.json
339 verbose targetResolver reading package data from /Users/danny/Projects/goodwill/node_modules/rimraf/package.json
340 verbose targetResolver reading package data from /Users/danny/Projects/goodwill/node_modules/sax/package.json
341 verbose targetResolver reading package data from /Users/danny/Projects/goodwill/node_modules/shelljs/package.json
342 verbose targetResolver reading package data from /Users/danny/Projects/goodwill/node_modules/sigmund/package.json
343 verbose targetResolver reading package data from /Users/danny/Projects/goodwill/node_modules/sntp/package.json
344 verbose targetResolver reading package data from /Users/danny/Projects/goodwill/node_modules/source-map/package.json
345 verbose targetResolver reading package data from /Users/danny/Projects/goodwill/node_modules/svgo/package.json
346 verbose targetResolver reading package data from /Users/danny/Projects/goodwill/node_modules/tar/package.json
347 verbose targetResolver reading package data from /Users/danny/Projects/goodwill/node_modules/temporary/package.json
348 verbose targetResolver reading package data from /Users/danny/Projects/goodwill/node_modules/tiny-lr/package.json
349 verbose targetResolver reading package data from /Users/danny/Projects/goodwill/node_modules/tunnel-agent/package.json
350 verbose targetResolver reading package data from /Users/danny/Projects/goodwill/node_modules/uglify-js/package.json
351 verbose targetResolver reading package data from /Users/danny/Projects/goodwill/node_modules/uglify-to-browserify/package.json
352 verbose targetResolver reading package data from /Users/danny/Projects/goodwill/node_modules/underscore/package.json
353 verbose targetResolver reading package data from /Users/danny/Projects/goodwill/node_modules/underscore.string/package.json
354 verbose targetResolver reading package data from /Users/danny/Projects/goodwill/node_modules/which/package.json
355 verbose targetResolver reading package data from /Users/danny/Projects/goodwill/node_modules/window-size/package.json
356 verbose targetResolver reading package data from /Users/danny/Projects/goodwill/node_modules/wordwrap/package.json
357 verbose targetResolver reading package data from /Users/danny/Projects/goodwill/node_modules/yargs/package.json
358 verbose targetResolver reading package data from /Users/danny/Projects/goodwill/node_modules/zlib-browserify/package.json
359 verbose targetResolver reading package data from /Users/danny/Projects/goodwill/node_modules/.bin/cake/package.json
360 verbose targetResolver reading package data from /Users/danny/Projects/goodwill/node_modules/.bin/cake.cmd/package.json
361 verbose targetResolver reading package data from /Users/danny/Projects/goodwill/node_modules/.bin/cleancss/package.json
362 verbose targetResolver reading package data from /Users/danny/Projects/goodwill/node_modules/.bin/cleancss.cmd/package.json
363 verbose targetResolver reading package data from /Users/danny/Projects/goodwill/node_modules/.bin/coffee/package.json
364 verbose targetResolver reading package data from /Users/danny/Projects/goodwill/node_modules/.bin/coffee.cmd/package.json
365 verbose targetResolver reading package data from /Users/danny/Projects/goodwill/node_modules/.bin/esparse/package.json
366 verbose targetResolver reading package data from /Users/danny/Projects/goodwill/node_modules/.bin/esparse.cmd/package.json
367 verbose targetResolver reading package data from /Users/danny/Projects/goodwill/node_modules/.bin/esvalidate/package.json
368 verbose targetResolver reading package data from /Users/danny/Projects/goodwill/node_modules/.bin/esvalidate.cmd/package.json
369 verbose targetResolver reading package data from /Users/danny/Projects/goodwill/node_modules/.bin/grunt-open/package.json
370 verbose targetResolver reading package data from /Users/danny/Projects/goodwill/node_modules/.bin/grunt-open.cmd/package.json
371 verbose targetResolver reading package data from /Users/danny/Projects/goodwill/node_modules/.bin/jade/package.json
372 verbose targetResolver reading package data from /Users/danny/Projects/goodwill/node_modules/.bin/jade.cmd/package.json
373 verbose targetResolver reading package data from /Users/danny/Projects/goodwill/node_modules/.bin/jpegtran-bin/package.json
374 verbose targetResolver reading package data from /Users/danny/Projects/goodwill/node_modules/.bin/jpegtran-bin.cmd/package.json
375 verbose targetResolver reading package data from /Users/danny/Projects/goodwill/node_modules/.bin/js-yaml/package.json
376 verbose targetResolver reading package data from /Users/danny/Projects/goodwill/node_modules/.bin/js-yaml.cmd/package.json
377 verbose targetResolver reading package data from /Users/danny/Projects/goodwill/node_modules/.bin/jshint/package.json
378 verbose targetResolver reading package data from /Users/danny/Projects/goodwill/node_modules/.bin/jshint.cmd/package.json
379 verbose targetResolver reading package data from /Users/danny/Projects/goodwill/node_modules/.bin/mocha/package.json
380 verbose targetResolver reading package data from /Users/danny/Projects/goodwill/node_modules/.bin/mocha.cmd/package.json
381 verbose targetResolver reading package data from /Users/danny/Projects/goodwill/node_modules/.bin/nopt/package.json
382 verbose targetResolver reading package data from /Users/danny/Projects/goodwill/node_modules/.bin/nopt.cmd/package.json
383 verbose targetResolver reading package data from /Users/danny/Projects/goodwill/node_modules/.bin/optipng-bin/package.json
384 verbose targetResolver reading package data from /Users/danny/Projects/goodwill/node_modules/.bin/optipng-bin.cmd/package.json
385 verbose targetResolver reading package data from /Users/danny/Projects/goodwill/node_modules/.bin/rimraf/package.json
386 verbose targetResolver reading package data from /Users/danny/Projects/goodwill/node_modules/.bin/rimraf.cmd/package.json
387 verbose targetResolver reading package data from /Users/danny/Projects/goodwill/node_modules/.bin/shjs/package.json
388 verbose targetResolver reading package data from /Users/danny/Projects/goodwill/node_modules/.bin/shjs.cmd/package.json
389 verbose targetResolver reading package data from /Users/danny/Projects/goodwill/node_modules/.bin/svgo/package.json
390 verbose targetResolver reading package data from /Users/danny/Projects/goodwill/node_modules/.bin/svgo.cmd/package.json
391 verbose targetResolver reading package data from /Users/danny/Projects/goodwill/node_modules/.bin/tiny-lr/package.json
392 verbose targetResolver reading package data from /Users/danny/Projects/goodwill/node_modules/.bin/tiny-lr.cmd/package.json
393 verbose targetResolver reading package data from /Users/danny/Projects/goodwill/node_modules/.bin/uglifyjs/package.json
394 verbose targetResolver reading package data from /Users/danny/Projects/goodwill/node_modules/.bin/uglifyjs.cmd/package.json
395 verbose targetResolver reading package data from /Users/danny/Projects/goodwill/node_modules/.bin/uuid/package.json
396 verbose targetResolver reading package data from /Users/danny/Projects/goodwill/node_modules/.bin/uuid.cmd/package.json
397 verbose targetResolver reading package data from /Users/danny/Projects/goodwill/node_modules/.bin/which/package.json
398 verbose targetResolver reading package data from /Users/danny/Projects/goodwill/node_modules/.bin/which.cmd/package.json
399 verbose already installed skipping grunt-lint-inline@~0.2.0 /Users/danny/Projects/goodwill
400 verbose already installed skipping grunt-phplint@~0.0.5 /Users/danny/Projects/goodwill
401 verbose already installed skipping grunt-processhtml@~0.2.6 /Users/danny/Projects/goodwill
402 verbose already installed skipping grunt@~0.4.1 /Users/danny/Projects/goodwill
403 verbose already installed skipping grunt-contrib-copy@~0.4.1 /Users/danny/Projects/goodwill
404 verbose already installed skipping grunt-contrib-concat@~0.1.3 /Users/danny/Projects/goodwill
405 verbose already installed skipping grunt-contrib-uglify@~0.2.0 /Users/danny/Projects/goodwill
406 verbose already installed skipping grunt-contrib-jshint@~0.4.1 /Users/danny/Projects/goodwill
407 verbose already installed skipping grunt-contrib-cssmin@~0.6.0 /Users/danny/Projects/goodwill
408 verbose already installed skipping grunt-contrib-clean@~0.4.0 /Users/danny/Projects/goodwill
409 verbose already installed skipping grunt-contrib-htmlmin@~0.1.3 /Users/danny/Projects/goodwill
410 verbose already installed skipping grunt-contrib-imagemin@~0.1.3 /Users/danny/Projects/goodwill
411 verbose already installed skipping grunt-contrib-watch@~0.4.0 /Users/danny/Projects/goodwill
412 verbose already installed skipping grunt-rev@~0.1.0 /Users/danny/Projects/goodwill
413 verbose already installed skipping grunt-usemin@~2.0.0 /Users/danny/Projects/goodwill
414 verbose already installed skipping grunt-open@~0.2.0 /Users/danny/Projects/goodwill
415 verbose already installed skipping grunt-svgmin@~0.1.0 /Users/danny/Projects/goodwill
416 verbose already installed skipping grunt-concurrent@~0.1.0 /Users/danny/Projects/goodwill
417 verbose already installed skipping matchdep@~0.1.1 /Users/danny/Projects/goodwill
418 verbose already installed skipping grunt-php@~0.1.1 /Users/danny/Projects/goodwill
419 silly install resolved []
420 info build /Users/danny/Projects/goodwill
421 info linkStuff localhost@0.1.0
422 silly linkStuff localhost@0.1.0 has /Users/danny/Projects as its parent node_modules
423 verbose linkBins localhost@0.1.0
424 verbose linkMans localhost@0.1.0
425 verbose rebuildBundles localhost@0.1.0
426 verbose rebuildBundles [ '.bin',
426 verbose rebuildBundles   'abbrev',
426 verbose rebuildBundles   'amdefine',
426 verbose rebuildBundles   'argparse',
426 verbose rebuildBundles   'async',
426 verbose rebuildBundles   'aws-sign',
426 verbose rebuildBundles   'block-stream',
426 verbose rebuildBundles   'boom',
426 verbose rebuildBundles   'cache-swap',
426 verbose rebuildBundles   'camelcase',
426 verbose rebuildBundles   'clean-css',
426 verbose rebuildBundles   'cli',
426 verbose rebuildBundles   'coa',
426 verbose rebuildBundles   'coffee-script',
426 verbose rebuildBundles   'colors',
426 verbose rebuildBundles   'combined-stream',
426 verbose rebuildBundles   'commander',
426 verbose rebuildBundles   'console-browserify',
426 verbose rebuildBundles   'cookie-jar',
426 verbose rebuildBundles   'cryptiles',
426 verbose rebuildBundles   'dateformat',
426 verbose rebuildBundles   'debug',
426 verbose rebuildBundles   'decamelize',
426 verbose rebuildBundles   'delayed-stream',
426 verbose rebuildBundles   'diff',
426 verbose rebuildBundles   'escape-string-regexp',
426 verbose rebuildBundles   'esprima',
426 verbose rebuildBundles   'eventemitter2',
426 verbose rebuildBundles   'exit',
426 verbose rebuildBundles   'faye-websocket',
426 verbose rebuildBundles   'fileset',
426 verbose rebuildBundles   'filesize',
426 verbose rebuildBundles   'findup-sync',
426 verbose rebuildBundles   'forever-agent',
426 verbose rebuildBundles   'form-data',
426 verbose rebuildBundles   'fs-boot',
426 verbose rebuildBundles   'fstream',
426 verbose rebuildBundles   'gaze',
426 verbose rebuildBundles   'getobject',
426 verbose rebuildBundles   'glob',
426 verbose rebuildBundles   'graceful-fs',
426 verbose rebuildBundles   'growl',
426 verbose rebuildBundles   'grunt',
426 verbose rebuildBundles   'grunt-concurrent',
426 verbose rebuildBundles   'grunt-contrib-clean',
426 verbose rebuildBundles   'grunt-contrib-concat',
426 verbose rebuildBundles   'grunt-contrib-copy',
426 verbose rebuildBundles   'grunt-contrib-cssmin',
426 verbose rebuildBundles   'grunt-contrib-htmlmin',
426 verbose rebuildBundles   'grunt-contrib-imagemin',
426 verbose rebuildBundles   'grunt-contrib-jshint',
426 verbose rebuildBundles   'grunt-contrib-uglify',
426 verbose rebuildBundles   'grunt-contrib-watch',
426 verbose rebuildBundles   'grunt-legacy-log',
426 verbose rebuildBundles   'grunt-legacy-log-utils',
426 verbose rebuildBundles   'grunt-legacy-util',
426 verbose rebuildBundles   'grunt-lib-contrib',
426 verbose rebuildBundles   'grunt-lint-inline',
426 verbose rebuildBundles   'grunt-open',
426 verbose rebuildBundles   'grunt-php',
426 verbose rebuildBundles   'grunt-phplint',
426 verbose rebuildBundles   'grunt-processhtml',
426 verbose rebuildBundles   'grunt-rev',
426 verbose rebuildBundles   'grunt-svgmin',
426 verbose rebuildBundles   'grunt-usemin',
426 verbose rebuildBundles   'hawk',
426 verbose rebuildBundles   'hoek',
426 verbose rebuildBundles   'hooker',
426 verbose rebuildBundles   'html-minifier',
426 verbose rebuildBundles   'iconv-lite',
426 verbose rebuildBundles   'inherit',
426 verbose rebuildBundles   'inherits',
426 verbose rebuildBundles   'is',
426 verbose rebuildBundles   'jade',
426 verbose rebuildBundles   'jpegtran-bin',
426 verbose rebuildBundles   'js-yaml',
426 verbose rebuildBundles   'jshint',
426 verbose rebuildBundles   'json-stringify-safe',
426 verbose rebuildBundles   'lodash',
426 verbose rebuildBundles   'lpad',
426 verbose rebuildBundles   'lru-cache',
426 verbose rebuildBundles   'matchdep',
426 verbose rebuildBundles   'mime',
426 verbose rebuildBundles   'minimatch',
426 verbose rebuildBundles   'minimist',
426 verbose rebuildBundles   'mkdirp',
426 verbose rebuildBundles   'mocha',
426 verbose rebuildBundles   'ms',
426 verbose rebuildBundles   'node-uuid',
426 verbose rebuildBundles   'node.extend',
426 verbose rebuildBundles   'nopt',
426 verbose rebuildBundles   'noptify',
426 verbose rebuildBundles   'oauth-sign',
426 verbose rebuildBundles   'open',
426 verbose rebuildBundles   'optipng-bin',
426 verbose rebuildBundles   'package',
426 verbose rebuildBundles   'peakle',
426 verbose rebuildBundles   'q',
426 verbose rebuildBundles   'q-fs',
426 verbose rebuildBundles   'q-io',
426 verbose rebuildBundles   'qs',
426 verbose rebuildBundles   'request',
426 verbose rebuildBundles   'rimraf',
426 verbose rebuildBundles   'sax',
426 verbose rebuildBundles   'shelljs',
426 verbose rebuildBundles   'sigmund',
426 verbose rebuildBundles   'sntp',
426 verbose rebuildBundles   'source-map',
426 verbose rebuildBundles   'svgo',
426 verbose rebuildBundles   'tar',
426 verbose rebuildBundles   'temporary',
426 verbose rebuildBundles   'tiny-lr',
426 verbose rebuildBundles   'tunnel-agent',
426 verbose rebuildBundles   'uglify-js',
426 verbose rebuildBundles   'uglify-to-browserify',
426 verbose rebuildBundles   'underscore',
426 verbose rebuildBundles   'underscore.string',
426 verbose rebuildBundles   'which',
426 verbose rebuildBundles   'window-size',
426 verbose rebuildBundles   'wordwrap',
426 verbose rebuildBundles   'yargs',
426 verbose rebuildBundles   'zlib-browserify' ]
427 verbose rebuild bundle /Users/danny/Projects/goodwill/node_modules/abbrev
428 info build /Users/danny/Projects/goodwill/node_modules/abbrev
429 info preinstall abbrev@1.0.7
430 info linkStuff abbrev@1.0.7
431 silly linkStuff abbrev@1.0.7 has /Users/danny/Projects/goodwill/node_modules as its parent node_modules
432 verbose linkBins abbrev@1.0.7
433 verbose linkMans abbrev@1.0.7
434 verbose rebuildBundles abbrev@1.0.7
435 info install abbrev@1.0.7
436 info postinstall abbrev@1.0.7
437 verbose rebuild bundle /Users/danny/Projects/goodwill/node_modules/amdefine
438 info build /Users/danny/Projects/goodwill/node_modules/amdefine
439 info preinstall amdefine@1.0.0
440 info linkStuff amdefine@1.0.0
441 silly linkStuff amdefine@1.0.0 has /Users/danny/Projects/goodwill/node_modules as its parent node_modules
442 verbose linkBins amdefine@1.0.0
443 verbose linkMans amdefine@1.0.0
444 verbose rebuildBundles amdefine@1.0.0
445 info install amdefine@1.0.0
446 info postinstall amdefine@1.0.0
447 verbose rebuild bundle /Users/danny/Projects/goodwill/node_modules/argparse
448 info build /Users/danny/Projects/goodwill/node_modules/argparse
449 info preinstall argparse@0.1.16
450 info linkStuff argparse@0.1.16
451 silly linkStuff argparse@0.1.16 has /Users/danny/Projects/goodwill/node_modules as its parent node_modules
452 verbose linkBins argparse@0.1.16
453 verbose linkMans argparse@0.1.16
454 verbose rebuildBundles argparse@0.1.16
455 verbose rebuildBundles [ 'underscore.string' ]
456 info install argparse@0.1.16
457 info postinstall argparse@0.1.16
458 verbose rebuild bundle /Users/danny/Projects/goodwill/node_modules/async
459 info build /Users/danny/Projects/goodwill/node_modules/async
460 info preinstall async@0.1.22
461 info linkStuff async@0.1.22
462 silly linkStuff async@0.1.22 has /Users/danny/Projects/goodwill/node_modules as its parent node_modules
463 verbose linkBins async@0.1.22
464 verbose linkMans async@0.1.22
465 verbose rebuildBundles async@0.1.22
466 info install async@0.1.22
467 info postinstall async@0.1.22
468 verbose rebuild bundle /Users/danny/Projects/goodwill/node_modules/aws-sign
469 info build /Users/danny/Projects/goodwill/node_modules/aws-sign
470 info preinstall aws-sign@0.2.0
471 info linkStuff aws-sign@0.2.0
472 silly linkStuff aws-sign@0.2.0 has /Users/danny/Projects/goodwill/node_modules as its parent node_modules
473 verbose linkBins aws-sign@0.2.0
474 verbose linkMans aws-sign@0.2.0
475 verbose rebuildBundles aws-sign@0.2.0
476 info install aws-sign@0.2.0
477 info postinstall aws-sign@0.2.0
478 verbose rebuild bundle /Users/danny/Projects/goodwill/node_modules/block-stream
479 info build /Users/danny/Projects/goodwill/node_modules/block-stream
480 info preinstall block-stream@0.0.8
481 info linkStuff block-stream@0.0.8
482 silly linkStuff block-stream@0.0.8 has /Users/danny/Projects/goodwill/node_modules as its parent node_modules
483 verbose linkBins block-stream@0.0.8
484 verbose linkMans block-stream@0.0.8
485 verbose rebuildBundles block-stream@0.0.8
486 info install block-stream@0.0.8
487 info postinstall block-stream@0.0.8
488 verbose rebuild bundle /Users/danny/Projects/goodwill/node_modules/boom
489 info build /Users/danny/Projects/goodwill/node_modules/boom
490 info preinstall boom@0.3.8
491 info linkStuff boom@0.3.8
492 silly linkStuff boom@0.3.8 has /Users/danny/Projects/goodwill/node_modules as its parent node_modules
493 verbose linkBins boom@0.3.8
494 verbose linkMans boom@0.3.8
495 verbose rebuildBundles boom@0.3.8
496 info install boom@0.3.8
497 info postinstall boom@0.3.8
498 verbose rebuild bundle /Users/danny/Projects/goodwill/node_modules/cache-swap
499 info build /Users/danny/Projects/goodwill/node_modules/cache-swap
500 info preinstall cache-swap@0.0.6
501 info linkStuff cache-swap@0.0.6
502 silly linkStuff cache-swap@0.0.6 has /Users/danny/Projects/goodwill/node_modules as its parent node_modules
503 verbose linkBins cache-swap@0.0.6
504 verbose linkMans cache-swap@0.0.6
505 verbose rebuildBundles cache-swap@0.0.6
506 verbose rebuildBundles [ 'async', 'lodash', 'rimraf' ]
507 info install cache-swap@0.0.6
508 info postinstall cache-swap@0.0.6
509 verbose rebuild bundle /Users/danny/Projects/goodwill/node_modules/camelcase
510 info build /Users/danny/Projects/goodwill/node_modules/camelcase
511 info preinstall camelcase@1.2.1
512 info linkStuff camelcase@1.2.1
513 silly linkStuff camelcase@1.2.1 has /Users/danny/Projects/goodwill/node_modules as its parent node_modules
514 verbose linkBins camelcase@1.2.1
515 verbose linkMans camelcase@1.2.1
516 verbose rebuildBundles camelcase@1.2.1
517 info install camelcase@1.2.1
518 info postinstall camelcase@1.2.1
519 verbose rebuild bundle /Users/danny/Projects/goodwill/node_modules/clean-css
520 info build /Users/danny/Projects/goodwill/node_modules/clean-css
521 info preinstall clean-css@1.1.7
522 info linkStuff clean-css@1.1.7
523 silly linkStuff clean-css@1.1.7 has /Users/danny/Projects/goodwill/node_modules as its parent node_modules
524 verbose linkBins clean-css@1.1.7
525 verbose link bins [ { cleancss: './bin/cleancss' },
525 verbose link bins   '/Users/danny/Projects/goodwill/node_modules/.bin',
525 verbose link bins   false ]
526 verbose linkMans clean-css@1.1.7
527 verbose rebuildBundles clean-css@1.1.7
528 silly gentlyRm /Users/danny/Projects/goodwill/node_modules/.bin/cleancss is being purged
529 verbose gentlyRm don't care about contents; nuking /Users/danny/Projects/goodwill/node_modules/.bin/cleancss
530 silly vacuum-fs purging /Users/danny/Projects/goodwill/node_modules/.bin/cleancss
531 silly vacuum-fs quitting because other entries in /Users/danny/Projects/goodwill/node_modules/.bin
532 info install clean-css@1.1.7
533 info postinstall clean-css@1.1.7
534 verbose rebuild bundle /Users/danny/Projects/goodwill/node_modules/cli
535 info build /Users/danny/Projects/goodwill/node_modules/cli
536 info preinstall cli@0.4.5
537 info linkStuff cli@0.4.5
538 silly linkStuff cli@0.4.5 has /Users/danny/Projects/goodwill/node_modules as its parent node_modules
539 verbose linkBins cli@0.4.5
540 verbose linkMans cli@0.4.5
541 verbose rebuildBundles cli@0.4.5
542 info install cli@0.4.5
543 info postinstall cli@0.4.5
544 verbose rebuild bundle /Users/danny/Projects/goodwill/node_modules/coa
545 info build /Users/danny/Projects/goodwill/node_modules/coa
546 info preinstall coa@0.3.9
547 info linkStuff coa@0.3.9
548 silly linkStuff coa@0.3.9 has /Users/danny/Projects/goodwill/node_modules as its parent node_modules
549 verbose linkBins coa@0.3.9
550 verbose linkMans coa@0.3.9
551 verbose rebuildBundles coa@0.3.9
552 info install coa@0.3.9
553 info postinstall coa@0.3.9
554 verbose rebuild bundle /Users/danny/Projects/goodwill/node_modules/coffee-script
555 info build /Users/danny/Projects/goodwill/node_modules/coffee-script
556 info preinstall coffee-script@1.3.3
557 info linkStuff coffee-script@1.3.3
558 silly linkStuff coffee-script@1.3.3 has /Users/danny/Projects/goodwill/node_modules as its parent node_modules
559 verbose linkBins coffee-script@1.3.3
560 verbose link bins [ { cake: './bin/cake', coffee: './bin/coffee' },
560 verbose link bins   '/Users/danny/Projects/goodwill/node_modules/.bin',
560 verbose link bins   false ]
561 verbose linkMans coffee-script@1.3.3
562 verbose rebuildBundles coffee-script@1.3.3
563 silly gentlyRm /Users/danny/Projects/goodwill/node_modules/.bin/coffee is being purged
564 verbose gentlyRm don't care about contents; nuking /Users/danny/Projects/goodwill/node_modules/.bin/coffee
565 silly gentlyRm /Users/danny/Projects/goodwill/node_modules/.bin/cake is being purged
566 verbose gentlyRm don't care about contents; nuking /Users/danny/Projects/goodwill/node_modules/.bin/cake
567 silly vacuum-fs purging /Users/danny/Projects/goodwill/node_modules/.bin/coffee
568 silly vacuum-fs purging /Users/danny/Projects/goodwill/node_modules/.bin/cake
569 silly vacuum-fs quitting because other entries in /Users/danny/Projects/goodwill/node_modules/.bin
570 silly vacuum-fs quitting because other entries in /Users/danny/Projects/goodwill/node_modules/.bin
571 info install coffee-script@1.3.3
572 info postinstall coffee-script@1.3.3
573 verbose rebuild bundle /Users/danny/Projects/goodwill/node_modules/colors
574 info build /Users/danny/Projects/goodwill/node_modules/colors
575 info preinstall colors@0.6.2
576 info linkStuff colors@0.6.2
577 silly linkStuff colors@0.6.2 has /Users/danny/Projects/goodwill/node_modules as its parent node_modules
578 verbose linkBins colors@0.6.2
579 verbose linkMans colors@0.6.2
580 verbose rebuildBundles colors@0.6.2
581 info install colors@0.6.2
582 info postinstall colors@0.6.2
583 verbose rebuild bundle /Users/danny/Projects/goodwill/node_modules/combined-stream
584 info build /Users/danny/Projects/goodwill/node_modules/combined-stream
585 info preinstall combined-stream@0.0.7
586 info linkStuff combined-stream@0.0.7
587 silly linkStuff combined-stream@0.0.7 has /Users/danny/Projects/goodwill/node_modules as its parent node_modules
588 verbose linkBins combined-stream@0.0.7
589 verbose linkMans combined-stream@0.0.7
590 verbose rebuildBundles combined-stream@0.0.7
591 info install combined-stream@0.0.7
592 info postinstall combined-stream@0.0.7
593 verbose rebuild bundle /Users/danny/Projects/goodwill/node_modules/commander
594 info build /Users/danny/Projects/goodwill/node_modules/commander
595 info preinstall commander@2.0.0
596 info linkStuff commander@2.0.0
597 silly linkStuff commander@2.0.0 has /Users/danny/Projects/goodwill/node_modules as its parent node_modules
598 verbose linkBins commander@2.0.0
599 verbose linkMans commander@2.0.0
600 verbose rebuildBundles commander@2.0.0
601 info install commander@2.0.0
602 info postinstall commander@2.0.0
603 verbose rebuild bundle /Users/danny/Projects/goodwill/node_modules/console-browserify
604 info build /Users/danny/Projects/goodwill/node_modules/console-browserify
605 info preinstall console-browserify@0.1.6
606 info linkStuff console-browserify@0.1.6
607 silly linkStuff console-browserify@0.1.6 has /Users/danny/Projects/goodwill/node_modules as its parent node_modules
608 verbose linkBins console-browserify@0.1.6
609 verbose linkMans console-browserify@0.1.6
610 verbose rebuildBundles console-browserify@0.1.6
611 info install console-browserify@0.1.6
612 info postinstall console-browserify@0.1.6
613 verbose rebuild bundle /Users/danny/Projects/goodwill/node_modules/cookie-jar
614 info build /Users/danny/Projects/goodwill/node_modules/cookie-jar
615 info preinstall cookie-jar@0.2.0
616 info linkStuff cookie-jar@0.2.0
617 silly linkStuff cookie-jar@0.2.0 has /Users/danny/Projects/goodwill/node_modules as its parent node_modules
618 verbose linkBins cookie-jar@0.2.0
619 verbose linkMans cookie-jar@0.2.0
620 verbose rebuildBundles cookie-jar@0.2.0
621 info install cookie-jar@0.2.0
622 info postinstall cookie-jar@0.2.0
623 verbose rebuild bundle /Users/danny/Projects/goodwill/node_modules/cryptiles
624 info build /Users/danny/Projects/goodwill/node_modules/cryptiles
625 info preinstall cryptiles@0.1.3
626 info linkStuff cryptiles@0.1.3
627 silly linkStuff cryptiles@0.1.3 has /Users/danny/Projects/goodwill/node_modules as its parent node_modules
628 verbose linkBins cryptiles@0.1.3
629 verbose linkMans cryptiles@0.1.3
630 verbose rebuildBundles cryptiles@0.1.3
631 info install cryptiles@0.1.3
632 info postinstall cryptiles@0.1.3
633 verbose rebuild bundle /Users/danny/Projects/goodwill/node_modules/dateformat
634 info build /Users/danny/Projects/goodwill/node_modules/dateformat
635 info preinstall dateformat@1.0.2-1.2.3
636 info linkStuff dateformat@1.0.2-1.2.3
637 silly linkStuff dateformat@1.0.2-1.2.3 has /Users/danny/Projects/goodwill/node_modules as its parent node_modules
638 verbose linkBins dateformat@1.0.2-1.2.3
639 verbose linkMans dateformat@1.0.2-1.2.3
640 verbose rebuildBundles dateformat@1.0.2-1.2.3
641 info install dateformat@1.0.2-1.2.3
642 info postinstall dateformat@1.0.2-1.2.3
643 verbose rebuild bundle /Users/danny/Projects/goodwill/node_modules/debug
644 info build /Users/danny/Projects/goodwill/node_modules/debug
645 info preinstall debug@2.2.0
646 info linkStuff debug@2.2.0
647 silly linkStuff debug@2.2.0 has /Users/danny/Projects/goodwill/node_modules as its parent node_modules
648 verbose linkBins debug@2.2.0
649 verbose linkMans debug@2.2.0
650 verbose rebuildBundles debug@2.2.0
651 verbose rebuildBundles [ 'ms' ]
652 info install debug@2.2.0
653 info postinstall debug@2.2.0
654 verbose rebuild bundle /Users/danny/Projects/goodwill/node_modules/decamelize
655 info build /Users/danny/Projects/goodwill/node_modules/decamelize
656 info preinstall decamelize@1.1.2
657 info linkStuff decamelize@1.1.2
658 silly linkStuff decamelize@1.1.2 has /Users/danny/Projects/goodwill/node_modules as its parent node_modules
659 verbose linkBins decamelize@1.1.2
660 verbose linkMans decamelize@1.1.2
661 verbose rebuildBundles decamelize@1.1.2
662 info install decamelize@1.1.2
663 info postinstall decamelize@1.1.2
664 verbose rebuild bundle /Users/danny/Projects/goodwill/node_modules/delayed-stream
665 info build /Users/danny/Projects/goodwill/node_modules/delayed-stream
666 info preinstall delayed-stream@0.0.5
667 info linkStuff delayed-stream@0.0.5
668 silly linkStuff delayed-stream@0.0.5 has /Users/danny/Projects/goodwill/node_modules as its parent node_modules
669 verbose linkBins delayed-stream@0.0.5
670 verbose linkMans delayed-stream@0.0.5
671 verbose rebuildBundles delayed-stream@0.0.5
672 info install delayed-stream@0.0.5
673 info postinstall delayed-stream@0.0.5
674 verbose rebuild bundle /Users/danny/Projects/goodwill/node_modules/diff
675 info build /Users/danny/Projects/goodwill/node_modules/diff
676 info preinstall diff@1.0.2
677 info linkStuff diff@1.0.2
678 silly linkStuff diff@1.0.2 has /Users/danny/Projects/goodwill/node_modules as its parent node_modules
679 verbose linkBins diff@1.0.2
680 verbose linkMans diff@1.0.2
681 verbose rebuildBundles diff@1.0.2
682 info install diff@1.0.2
683 info postinstall diff@1.0.2
684 verbose rebuild bundle /Users/danny/Projects/goodwill/node_modules/escape-string-regexp
685 info build /Users/danny/Projects/goodwill/node_modules/escape-string-regexp
686 info preinstall escape-string-regexp@1.0.4
687 info linkStuff escape-string-regexp@1.0.4
688 silly linkStuff escape-string-regexp@1.0.4 has /Users/danny/Projects/goodwill/node_modules as its parent node_modules
689 verbose linkBins escape-string-regexp@1.0.4
690 verbose linkMans escape-string-regexp@1.0.4
691 verbose rebuildBundles escape-string-regexp@1.0.4
692 info install escape-string-regexp@1.0.4
693 info postinstall escape-string-regexp@1.0.4
694 verbose rebuild bundle /Users/danny/Projects/goodwill/node_modules/esprima
695 info build /Users/danny/Projects/goodwill/node_modules/esprima
696 info preinstall esprima@1.0.4
697 info linkStuff esprima@1.0.4
698 silly linkStuff esprima@1.0.4 has /Users/danny/Projects/goodwill/node_modules as its parent node_modules
699 verbose linkBins esprima@1.0.4
700 verbose link bins [ { esparse: './bin/esparse.js',
700 verbose link bins     esvalidate: './bin/esvalidate.js' },
700 verbose link bins   '/Users/danny/Projects/goodwill/node_modules/.bin',
700 verbose link bins   false ]
701 verbose linkMans esprima@1.0.4
702 verbose rebuildBundles esprima@1.0.4
703 silly gentlyRm /Users/danny/Projects/goodwill/node_modules/.bin/esparse is being purged
704 verbose gentlyRm don't care about contents; nuking /Users/danny/Projects/goodwill/node_modules/.bin/esparse
705 silly gentlyRm /Users/danny/Projects/goodwill/node_modules/.bin/esvalidate is being purged
706 verbose gentlyRm don't care about contents; nuking /Users/danny/Projects/goodwill/node_modules/.bin/esvalidate
707 silly vacuum-fs purging /Users/danny/Projects/goodwill/node_modules/.bin/esparse
708 silly vacuum-fs purging /Users/danny/Projects/goodwill/node_modules/.bin/esvalidate
709 silly vacuum-fs quitting because other entries in /Users/danny/Projects/goodwill/node_modules/.bin
710 silly vacuum-fs quitting because other entries in /Users/danny/Projects/goodwill/node_modules/.bin
711 info install esprima@1.0.4
712 info postinstall esprima@1.0.4
713 verbose rebuild bundle /Users/danny/Projects/goodwill/node_modules/eventemitter2
714 info build /Users/danny/Projects/goodwill/node_modules/eventemitter2
715 info preinstall eventemitter2@0.4.14
716 info linkStuff eventemitter2@0.4.14
717 silly linkStuff eventemitter2@0.4.14 has /Users/danny/Projects/goodwill/node_modules as its parent node_modules
718 verbose linkBins eventemitter2@0.4.14
719 verbose linkMans eventemitter2@0.4.14
720 verbose rebuildBundles eventemitter2@0.4.14
721 info install eventemitter2@0.4.14
722 info postinstall eventemitter2@0.4.14
723 verbose rebuild bundle /Users/danny/Projects/goodwill/node_modules/exit
724 info build /Users/danny/Projects/goodwill/node_modules/exit
725 info preinstall exit@0.1.2
726 info linkStuff exit@0.1.2
727 silly linkStuff exit@0.1.2 has /Users/danny/Projects/goodwill/node_modules as its parent node_modules
728 verbose linkBins exit@0.1.2
729 verbose linkMans exit@0.1.2
730 verbose rebuildBundles exit@0.1.2
731 info install exit@0.1.2
732 info postinstall exit@0.1.2
733 verbose rebuild bundle /Users/danny/Projects/goodwill/node_modules/faye-websocket
734 info build /Users/danny/Projects/goodwill/node_modules/faye-websocket
735 info preinstall faye-websocket@0.4.4
736 info linkStuff faye-websocket@0.4.4
737 silly linkStuff faye-websocket@0.4.4 has /Users/danny/Projects/goodwill/node_modules as its parent node_modules
738 verbose linkBins faye-websocket@0.4.4
739 verbose linkMans faye-websocket@0.4.4
740 verbose rebuildBundles faye-websocket@0.4.4
741 info install faye-websocket@0.4.4
742 info postinstall faye-websocket@0.4.4
743 verbose rebuild bundle /Users/danny/Projects/goodwill/node_modules/fileset
744 info build /Users/danny/Projects/goodwill/node_modules/fileset
745 info preinstall fileset@0.1.8
746 info linkStuff fileset@0.1.8
747 silly linkStuff fileset@0.1.8 has /Users/danny/Projects/goodwill/node_modules as its parent node_modules
748 verbose linkBins fileset@0.1.8
749 verbose linkMans fileset@0.1.8
750 verbose rebuildBundles fileset@0.1.8
751 info install fileset@0.1.8
752 info postinstall fileset@0.1.8
753 verbose rebuild bundle /Users/danny/Projects/goodwill/node_modules/filesize
754 info build /Users/danny/Projects/goodwill/node_modules/filesize
755 info preinstall filesize@1.7.9
756 info linkStuff filesize@1.7.9
757 silly linkStuff filesize@1.7.9 has /Users/danny/Projects/goodwill/node_modules as its parent node_modules
758 verbose linkBins filesize@1.7.9
759 verbose linkMans filesize@1.7.9
760 verbose rebuildBundles filesize@1.7.9
761 info install filesize@1.7.9
762 info postinstall filesize@1.7.9
763 verbose rebuild bundle /Users/danny/Projects/goodwill/node_modules/findup-sync
764 info build /Users/danny/Projects/goodwill/node_modules/findup-sync
765 info preinstall findup-sync@0.1.3
766 info linkStuff findup-sync@0.1.3
767 silly linkStuff findup-sync@0.1.3 has /Users/danny/Projects/goodwill/node_modules as its parent node_modules
768 verbose linkBins findup-sync@0.1.3
769 verbose linkMans findup-sync@0.1.3
770 verbose rebuildBundles findup-sync@0.1.3
771 verbose rebuildBundles [ 'glob', 'lodash', 'minimatch' ]
772 verbose rebuild bundle /Users/danny/Projects/goodwill/node_modules/findup-sync/node_modules/minimatch
773 info build /Users/danny/Projects/goodwill/node_modules/findup-sync/node_modules/minimatch
774 info preinstall minimatch@0.3.0
775 info linkStuff minimatch@0.3.0
776 silly linkStuff minimatch@0.3.0 has /Users/danny/Projects/goodwill/node_modules/findup-sync/node_modules as its parent node_modules
777 verbose linkBins minimatch@0.3.0
778 verbose linkMans minimatch@0.3.0
779 verbose rebuildBundles minimatch@0.3.0
780 info install minimatch@0.3.0
781 info postinstall minimatch@0.3.0
782 info install findup-sync@0.1.3
783 info postinstall findup-sync@0.1.3
784 verbose rebuild bundle /Users/danny/Projects/goodwill/node_modules/forever-agent
785 info build /Users/danny/Projects/goodwill/node_modules/forever-agent
786 info preinstall forever-agent@0.2.0
787 info linkStuff forever-agent@0.2.0
788 silly linkStuff forever-agent@0.2.0 has /Users/danny/Projects/goodwill/node_modules as its parent node_modules
789 verbose linkBins forever-agent@0.2.0
790 verbose linkMans forever-agent@0.2.0
791 verbose rebuildBundles forever-agent@0.2.0
792 info install forever-agent@0.2.0
793 info postinstall forever-agent@0.2.0
794 verbose rebuild bundle /Users/danny/Projects/goodwill/node_modules/form-data
795 info build /Users/danny/Projects/goodwill/node_modules/form-data
796 info preinstall form-data@0.0.10
797 info linkStuff form-data@0.0.10
798 silly linkStuff form-data@0.0.10 has /Users/danny/Projects/goodwill/node_modules as its parent node_modules
799 verbose linkBins form-data@0.0.10
800 verbose linkMans form-data@0.0.10
801 verbose rebuildBundles form-data@0.0.10
802 verbose rebuildBundles [ 'async' ]
803 info install form-data@0.0.10
804 info postinstall form-data@0.0.10
805 verbose rebuild bundle /Users/danny/Projects/goodwill/node_modules/fs-boot
806 info build /Users/danny/Projects/goodwill/node_modules/fs-boot
807 info preinstall fs-boot@0.0.9
808 info linkStuff fs-boot@0.0.9
809 silly linkStuff fs-boot@0.0.9 has /Users/danny/Projects/goodwill/node_modules as its parent node_modules
810 verbose linkBins fs-boot@0.0.9
811 verbose linkMans fs-boot@0.0.9
812 verbose rebuildBundles fs-boot@0.0.9
813 info install fs-boot@0.0.9
814 info postinstall fs-boot@0.0.9
815 verbose rebuild bundle /Users/danny/Projects/goodwill/node_modules/fstream
816 info build /Users/danny/Projects/goodwill/node_modules/fstream
817 info preinstall fstream@0.1.31
818 info linkStuff fstream@0.1.31
819 silly linkStuff fstream@0.1.31 has /Users/danny/Projects/goodwill/node_modules as its parent node_modules
820 verbose linkBins fstream@0.1.31
821 verbose linkMans fstream@0.1.31
822 verbose rebuildBundles fstream@0.1.31
823 verbose rebuildBundles [ '.bin', 'graceful-fs', 'mkdirp' ]
824 info install fstream@0.1.31
825 info postinstall fstream@0.1.31
826 verbose rebuild bundle /Users/danny/Projects/goodwill/node_modules/gaze
827 info build /Users/danny/Projects/goodwill/node_modules/gaze
828 info preinstall gaze@0.3.4
829 info linkStuff gaze@0.3.4
830 silly linkStuff gaze@0.3.4 has /Users/danny/Projects/goodwill/node_modules as its parent node_modules
831 verbose linkBins gaze@0.3.4
832 verbose linkMans gaze@0.3.4
833 verbose rebuildBundles gaze@0.3.4
834 info install gaze@0.3.4
835 info postinstall gaze@0.3.4
836 verbose rebuild bundle /Users/danny/Projects/goodwill/node_modules/getobject
837 info build /Users/danny/Projects/goodwill/node_modules/getobject
838 info preinstall getobject@0.1.0
839 info linkStuff getobject@0.1.0
840 silly linkStuff getobject@0.1.0 has /Users/danny/Projects/goodwill/node_modules as its parent node_modules
841 verbose linkBins getobject@0.1.0
842 verbose linkMans getobject@0.1.0
843 verbose rebuildBundles getobject@0.1.0
844 info install getobject@0.1.0
845 info postinstall getobject@0.1.0
846 verbose rebuild bundle /Users/danny/Projects/goodwill/node_modules/glob
847 info build /Users/danny/Projects/goodwill/node_modules/glob
848 info preinstall glob@3.1.21
849 info linkStuff glob@3.1.21
850 silly linkStuff glob@3.1.21 has /Users/danny/Projects/goodwill/node_modules as its parent node_modules
851 verbose linkBins glob@3.1.21
852 verbose linkMans glob@3.1.21
853 verbose rebuildBundles glob@3.1.21
854 verbose rebuildBundles [ 'inherits' ]
855 info install glob@3.1.21
856 info postinstall glob@3.1.21
857 verbose rebuild bundle /Users/danny/Projects/goodwill/node_modules/graceful-fs
858 info build /Users/danny/Projects/goodwill/node_modules/graceful-fs
859 info preinstall graceful-fs@1.2.3
860 info linkStuff graceful-fs@1.2.3
861 silly linkStuff graceful-fs@1.2.3 has /Users/danny/Projects/goodwill/node_modules as its parent node_modules
862 verbose linkBins graceful-fs@1.2.3
863 verbose linkMans graceful-fs@1.2.3
864 verbose rebuildBundles graceful-fs@1.2.3
865 info install graceful-fs@1.2.3
866 info postinstall graceful-fs@1.2.3
867 verbose rebuild bundle /Users/danny/Projects/goodwill/node_modules/growl
868 info build /Users/danny/Projects/goodwill/node_modules/growl
869 info preinstall growl@1.7.0
870 info linkStuff growl@1.7.0
871 silly linkStuff growl@1.7.0 has /Users/danny/Projects/goodwill/node_modules as its parent node_modules
872 verbose linkBins growl@1.7.0
873 verbose linkMans growl@1.7.0
874 verbose rebuildBundles growl@1.7.0
875 info install growl@1.7.0
876 info postinstall growl@1.7.0
877 verbose rebuild bundle /Users/danny/Projects/goodwill/node_modules/grunt-legacy-log
878 info build /Users/danny/Projects/goodwill/node_modules/grunt-legacy-log
879 info preinstall grunt-legacy-log@0.1.3
880 info linkStuff grunt-legacy-log@0.1.3
881 silly linkStuff grunt-legacy-log@0.1.3 has /Users/danny/Projects/goodwill/node_modules as its parent node_modules
882 verbose linkBins grunt-legacy-log@0.1.3
883 verbose linkMans grunt-legacy-log@0.1.3
884 verbose rebuildBundles grunt-legacy-log@0.1.3
885 verbose rebuildBundles [ 'lodash', 'underscore.string' ]
886 info install grunt-legacy-log@0.1.3
887 info postinstall grunt-legacy-log@0.1.3
888 verbose rebuild bundle /Users/danny/Projects/goodwill/node_modules/grunt-legacy-log-utils
889 info build /Users/danny/Projects/goodwill/node_modules/grunt-legacy-log-utils
890 info preinstall grunt-legacy-log-utils@0.1.1
891 info linkStuff grunt-legacy-log-utils@0.1.1
892 silly linkStuff grunt-legacy-log-utils@0.1.1 has /Users/danny/Projects/goodwill/node_modules as its parent node_modules
893 verbose linkBins grunt-legacy-log-utils@0.1.1
894 verbose linkMans grunt-legacy-log-utils@0.1.1
895 verbose rebuildBundles grunt-legacy-log-utils@0.1.1
896 verbose rebuildBundles [ 'lodash', 'underscore.string' ]
897 info install grunt-legacy-log-utils@0.1.1
898 info postinstall grunt-legacy-log-utils@0.1.1
899 verbose rebuild bundle /Users/danny/Projects/goodwill/node_modules/grunt-legacy-util
900 info build /Users/danny/Projects/goodwill/node_modules/grunt-legacy-util
901 info preinstall grunt-legacy-util@0.2.0
902 info linkStuff grunt-legacy-util@0.2.0
903 silly linkStuff grunt-legacy-util@0.2.0 has /Users/danny/Projects/goodwill/node_modules as its parent node_modules
904 verbose linkBins grunt-legacy-util@0.2.0
905 verbose linkMans grunt-legacy-util@0.2.0
906 verbose rebuildBundles grunt-legacy-util@0.2.0
907 info install grunt-legacy-util@0.2.0
908 info postinstall grunt-legacy-util@0.2.0
909 verbose rebuild bundle /Users/danny/Projects/goodwill/node_modules/grunt-lib-contrib
910 info build /Users/danny/Projects/goodwill/node_modules/grunt-lib-contrib
911 info preinstall grunt-lib-contrib@0.6.1
912 info linkStuff grunt-lib-contrib@0.6.1
913 silly linkStuff grunt-lib-contrib@0.6.1 has /Users/danny/Projects/goodwill/node_modules as its parent node_modules
914 verbose linkBins grunt-lib-contrib@0.6.1
915 verbose linkMans grunt-lib-contrib@0.6.1
916 verbose rebuildBundles grunt-lib-contrib@0.6.1
917 info install grunt-lib-contrib@0.6.1
918 info postinstall grunt-lib-contrib@0.6.1
919 verbose rebuild bundle /Users/danny/Projects/goodwill/node_modules/hawk
920 info build /Users/danny/Projects/goodwill/node_modules/hawk
921 info preinstall hawk@0.10.2
922 info linkStuff hawk@0.10.2
923 silly linkStuff hawk@0.10.2 has /Users/danny/Projects/goodwill/node_modules as its parent node_modules
924 verbose linkBins hawk@0.10.2
925 verbose linkMans hawk@0.10.2
926 verbose rebuildBundles hawk@0.10.2
927 info install hawk@0.10.2
928 info postinstall hawk@0.10.2
929 verbose rebuild bundle /Users/danny/Projects/goodwill/node_modules/hoek
930 info build /Users/danny/Projects/goodwill/node_modules/hoek
931 info preinstall hoek@0.7.6
932 info linkStuff hoek@0.7.6
933 silly linkStuff hoek@0.7.6 has /Users/danny/Projects/goodwill/node_modules as its parent node_modules
934 verbose linkBins hoek@0.7.6
935 verbose linkMans hoek@0.7.6
936 verbose rebuildBundles hoek@0.7.6
937 info install hoek@0.7.6
938 info postinstall hoek@0.7.6
939 verbose rebuild bundle /Users/danny/Projects/goodwill/node_modules/hooker
940 info build /Users/danny/Projects/goodwill/node_modules/hooker
941 info preinstall hooker@0.2.3
942 info linkStuff hooker@0.2.3
943 silly linkStuff hooker@0.2.3 has /Users/danny/Projects/goodwill/node_modules as its parent node_modules
944 verbose linkBins hooker@0.2.3
945 verbose linkMans hooker@0.2.3
946 verbose rebuildBundles hooker@0.2.3
947 info install hooker@0.2.3
948 info postinstall hooker@0.2.3
949 verbose rebuild bundle /Users/danny/Projects/goodwill/node_modules/html-minifier
950 info build /Users/danny/Projects/goodwill/node_modules/html-minifier
951 info preinstall html-minifier@0.5.6
952 info linkStuff html-minifier@0.5.6
953 silly linkStuff html-minifier@0.5.6 has /Users/danny/Projects/goodwill/node_modules as its parent node_modules
954 verbose linkBins html-minifier@0.5.6
955 verbose linkMans html-minifier@0.5.6
956 verbose rebuildBundles html-minifier@0.5.6
957 info install html-minifier@0.5.6
958 info postinstall html-minifier@0.5.6
959 verbose rebuild bundle /Users/danny/Projects/goodwill/node_modules/iconv-lite
960 info build /Users/danny/Projects/goodwill/node_modules/iconv-lite
961 info preinstall iconv-lite@0.2.11
962 info linkStuff iconv-lite@0.2.11
963 silly linkStuff iconv-lite@0.2.11 has /Users/danny/Projects/goodwill/node_modules as its parent node_modules
964 verbose linkBins iconv-lite@0.2.11
965 verbose linkMans iconv-lite@0.2.11
966 verbose rebuildBundles iconv-lite@0.2.11
967 info install iconv-lite@0.2.11
968 info postinstall iconv-lite@0.2.11
969 verbose rebuild bundle /Users/danny/Projects/goodwill/node_modules/inherit
970 info build /Users/danny/Projects/goodwill/node_modules/inherit
971 info preinstall inherit@2.2.2
972 info linkStuff inherit@2.2.2
973 silly linkStuff inherit@2.2.2 has /Users/danny/Projects/goodwill/node_modules as its parent node_modules
974 verbose linkBins inherit@2.2.2
975 verbose linkMans inherit@2.2.2
976 verbose rebuildBundles inherit@2.2.2
977 info install inherit@2.2.2
978 info postinstall inherit@2.2.2
979 verbose rebuild bundle /Users/danny/Projects/goodwill/node_modules/inherits
980 info build /Users/danny/Projects/goodwill/node_modules/inherits
981 info preinstall inherits@2.0.1
982 info linkStuff inherits@2.0.1
983 silly linkStuff inherits@2.0.1 has /Users/danny/Projects/goodwill/node_modules as its parent node_modules
984 verbose linkBins inherits@2.0.1
985 verbose linkMans inherits@2.0.1
986 verbose rebuildBundles inherits@2.0.1
987 info install inherits@2.0.1
988 info postinstall inherits@2.0.1
989 verbose rebuild bundle /Users/danny/Projects/goodwill/node_modules/is
990 info build /Users/danny/Projects/goodwill/node_modules/is
991 info preinstall is@3.1.0
992 info linkStuff is@3.1.0
993 silly linkStuff is@3.1.0 has /Users/danny/Projects/goodwill/node_modules as its parent node_modules
994 verbose linkBins is@3.1.0
995 verbose linkMans is@3.1.0
996 verbose rebuildBundles is@3.1.0
997 info install is@3.1.0
998 info postinstall is@3.1.0
999 verbose rebuild bundle /Users/danny/Projects/goodwill/node_modules/jade
1000 info build /Users/danny/Projects/goodwill/node_modules/jade
1001 info preinstall jade@0.26.3
1002 info linkStuff jade@0.26.3
1003 silly linkStuff jade@0.26.3 has /Users/danny/Projects/goodwill/node_modules as its parent node_modules
1004 verbose linkBins jade@0.26.3
1005 verbose link bins [ { jade: './bin/jade' },
1005 verbose link bins   '/Users/danny/Projects/goodwill/node_modules/.bin',
1005 verbose link bins   false ]
1006 verbose linkMans jade@0.26.3
1007 verbose rebuildBundles jade@0.26.3
1008 verbose rebuildBundles [ 'commander', 'mkdirp' ]
1009 silly gentlyRm /Users/danny/Projects/goodwill/node_modules/.bin/jade is being purged
1010 verbose gentlyRm don't care about contents; nuking /Users/danny/Projects/goodwill/node_modules/.bin/jade
1011 silly vacuum-fs purging /Users/danny/Projects/goodwill/node_modules/.bin/jade
1012 silly vacuum-fs quitting because other entries in /Users/danny/Projects/goodwill/node_modules/.bin
1013 info install jade@0.26.3
1014 info postinstall jade@0.26.3
1015 verbose rebuild bundle /Users/danny/Projects/goodwill/node_modules/jpegtran-bin
1016 info build /Users/danny/Projects/goodwill/node_modules/jpegtran-bin
1017 info preinstall jpegtran-bin@0.1.7
1018 info linkStuff jpegtran-bin@0.1.7
1019 silly linkStuff jpegtran-bin@0.1.7 has /Users/danny/Projects/goodwill/node_modules as its parent node_modules
1020 verbose linkBins jpegtran-bin@0.1.7
1021 verbose link bins [ { 'jpegtran-bin': 'bin/jpegtran-bin' },
1021 verbose link bins   '/Users/danny/Projects/goodwill/node_modules/.bin',
1021 verbose link bins   false ]
1022 verbose linkMans jpegtran-bin@0.1.7
1023 verbose rebuildBundles jpegtran-bin@0.1.7
1024 silly gentlyRm /Users/danny/Projects/goodwill/node_modules/.bin/jpegtran-bin is being purged
1025 verbose gentlyRm don't care about contents; nuking /Users/danny/Projects/goodwill/node_modules/.bin/jpegtran-bin
1026 silly vacuum-fs purging /Users/danny/Projects/goodwill/node_modules/.bin/jpegtran-bin
1027 silly vacuum-fs quitting because other entries in /Users/danny/Projects/goodwill/node_modules/.bin
1028 info install jpegtran-bin@0.1.7
1029 info postinstall jpegtran-bin@0.1.7
1030 verbose unsafe-perm in lifecycle false
1031 info jpegtran-bin@0.1.7 Failed to exec postinstall script
1032 verbose stack Error: jpegtran-bin@0.1.7 postinstall: `node pre-build.js`
1032 verbose stack Exit status 1
1032 verbose stack     at EventEmitter.<anonymous> (/usr/local/lib/node_modules/npm/lib/utils/lifecycle.js:214:16)
1032 verbose stack     at emitTwo (events.js:87:13)
1032 verbose stack     at EventEmitter.emit (events.js:172:7)
1032 verbose stack     at ChildProcess.<anonymous> (/usr/local/lib/node_modules/npm/lib/utils/spawn.js:24:14)
1032 verbose stack     at emitTwo (events.js:87:13)
1032 verbose stack     at ChildProcess.emit (events.js:172:7)
1032 verbose stack     at maybeClose (internal/child_process.js:818:16)
1032 verbose stack     at Process.ChildProcess._handle.onexit (internal/child_process.js:211:5)
1033 verbose pkgid jpegtran-bin@0.1.7
1034 verbose cwd /Users/danny/Projects/goodwill
1035 error Darwin 14.5.0
1036 error argv "/usr/local/bin/node" "/usr/local/bin/npm" "install"
1037 error node v4.2.1
1038 error npm  v2.14.7
1039 error code ELIFECYCLE
1040 error jpegtran-bin@0.1.7 postinstall: `node pre-build.js`
1040 error Exit status 1
1041 error Failed at the jpegtran-bin@0.1.7 postinstall script 'node pre-build.js'.
1041 error This is most likely a problem with the jpegtran-bin package,
1041 error not with npm itself.
1041 error Tell the author that this fails on your system:
1041 error     node pre-build.js
1041 error You can get their info via:
1041 error     npm owner ls jpegtran-bin
1041 error There is likely additional logging output above.
1042 verbose exit [ 1, true ]
